<?xml version="1.0" encoding="UTF-8"?>
<!-- Generated by org.testng.reporters.JUnitReportReporter -->
<testsuite hostname="Samikhya-VAIO" failures="0" tests="1" name="com.etlhive.selenium.SeleniumProjects.GoogleTestP" time="22.336" errors="0" timestamp="16 Feb 2020 16:01:56 GMT">
  <testcase classname="com.etlhive.selenium.SeleniumProjects.GoogleTestP" name="f1" time="22.336"/>
</testsuite> <!-- com.etlhive.selenium.SeleniumProjects.GoogleTestP -->
