<?xml version="1.0" encoding="UTF-8"?>
<!-- Generated by org.testng.reporters.JUnitReportReporter -->
<testsuite hostname="Samikhya-VAIO" failures="0" tests="1" name="com.etlhive.selenium.SeleniumProjects.NewTest" time="0.017" errors="0" timestamp="8 Feb 2020 03:27:32 GMT">
  <testcase classname="com.etlhive.selenium.SeleniumProjects.NewTest" name="f" time="0.017"/>
</testsuite> <!-- com.etlhive.selenium.SeleniumProjects.NewTest -->
